[debug] [2025-07-12T05:27:31.707Z] ----------------------------------------------------------------------
[debug] [2025-07-12T05:27:31.714Z] Command:       C:\Program Files\nodejs\node.exe C:\Users\YASH KADAV\AppData\Roaming\npm\node_modules\firebase-tools\lib\bin\firebase.js init
[debug] [2025-07-12T05:27:31.715Z] CLI Version:   14.10.1
[debug] [2025-07-12T05:27:31.715Z] Platform:      win32
[debug] [2025-07-12T05:27:31.716Z] Node Version:  v22.14.0
[debug] [2025-07-12T05:27:31.717Z] Time:          Sat Jul 12 2025 10:57:31 GMT+0530 (India Standard Time)
[debug] [2025-07-12T05:27:31.717Z] ----------------------------------------------------------------------
[debug] 
[debug] [2025-07-12T05:27:31.861Z] > command requires scopes: ["email","openid","https://www.googleapis.com/auth/cloudplatformprojects.readonly","https://www.googleapis.com/auth/firebase","https://www.googleapis.com/auth/cloud-platform"]
[debug] [2025-07-12T05:27:31.871Z] > authorizing via signed-in user (yashkadav52@gmail.com)
[info] 
     ######## #### ########  ######## ########     ###     ######  ########
     ##        ##  ##     ## ##       ##     ##  ##   ##  ##       ##
     ######    ##  ########  ######   ########  #########  ######  ######
     ##        ##  ##    ##  ##       ##     ## ##     ##       ## ##
     ##       #### ##     ## ######## ########  ##     ##  ######  ########

You're about to initialize a Firebase project in this directory:

  F:\Web Programming\HackThon\skillswap

[debug] [2025-07-12T05:35:25.825Z] ExitPromptError: User force closed the prompt with SIGINT
    at Interface.sigint (C:\Users\YASH KADAV\AppData\Roaming\npm\node_modules\firebase-tools\node_modules\@inquirer\core\dist\commonjs\lib\create-prompt.js:101:37)
    at Interface.emit (node:events:518:28)
    at Interface.emit (node:domain:489:12)
    at [_ttyWrite] [as _ttyWrite] (node:internal/readline/interface:1124:18)
    at ReadStream.onkeypress (node:internal/readline/interface:263:20)
    at ReadStream.emit (node:events:530:35)
    at ReadStream.emit (node:domain:489:12)
    at emitKeys (node:internal/readline/utils:370:14)
    at emitKeys.next (<anonymous>)
    at ReadStream.onData (node:internal/readline/emitKeypressEvents:64:36)
[error] 
[error] Error: An unexpected error has occurred.
[debug] [2025-07-12T07:25:13.027Z] ----------------------------------------------------------------------
[debug] [2025-07-12T07:25:13.031Z] Command:       C:\Program Files\nodejs\node.exe C:\Users\YASH KADAV\AppData\Roaming\npm\node_modules\firebase-tools\lib\bin\firebase.js init
[debug] [2025-07-12T07:25:13.031Z] CLI Version:   14.10.1
[debug] [2025-07-12T07:25:13.031Z] Platform:      win32
[debug] [2025-07-12T07:25:13.032Z] Node Version:  v22.14.0
[debug] [2025-07-12T07:25:13.032Z] Time:          Sat Jul 12 2025 12:55:13 GMT+0530 (India Standard Time)
[debug] [2025-07-12T07:25:13.032Z] ----------------------------------------------------------------------
[debug] 
[debug] [2025-07-12T07:25:13.041Z] > command requires scopes: ["email","openid","https://www.googleapis.com/auth/cloudplatformprojects.readonly","https://www.googleapis.com/auth/firebase","https://www.googleapis.com/auth/cloud-platform"]
[debug] [2025-07-12T07:25:13.042Z] > authorizing via signed-in user (yashkadav52@gmail.com)
[info] 
     ######## #### ########  ######## ########     ###     ######  ########
     ##        ##  ##     ## ##       ##     ##  ##   ##  ##       ##
     ######    ##  ########  ######   ########  #########  ######  ######
     ##        ##  ##    ##  ##       ##     ## ##     ##       ## ##
     ##       #### ##     ## ######## ########  ##     ##  ######  ########

You're about to initialize a Firebase project in this directory:

  F:\Web Programming\HackThon\skillswap

[debug] [2025-07-12T07:25:18.104Z] ExitPromptError: User force closed the prompt with SIGINT
    at Interface.sigint (C:\Users\YASH KADAV\AppData\Roaming\npm\node_modules\firebase-tools\node_modules\@inquirer\core\dist\commonjs\lib\create-prompt.js:101:37)
    at Interface.emit (node:events:518:28)
    at Interface.emit (node:domain:489:12)
    at [_ttyWrite] [as _ttyWrite] (node:internal/readline/interface:1124:18)
    at ReadStream.onkeypress (node:internal/readline/interface:263:20)
    at ReadStream.emit (node:events:530:35)
    at ReadStream.emit (node:domain:489:12)
    at emitKeys (node:internal/readline/utils:370:14)
    at emitKeys.next (<anonymous>)
    at ReadStream.onData (node:internal/readline/emitKeypressEvents:64:36)
[error] 
[error] Error: An unexpected error has occurred.
